[2025-11-07 21:17:02] [Instance 0] Instance [0] started
[2025-11-07 21:17:02] [Instance 0] Searching for party
[2025-11-07 21:17:02] [Instance 1] Instance [1] started
[2025-11-07 21:17:02] [Instance 1] Searching for party
[2025-11-07 21:17:02] [Instance 2] Instance [2] started
[2025-11-07 21:17:02] [Instance 2] Searching for party
[2025-11-07 21:17:02] [Instance 3] Instance [3] started
[2025-11-07 21:17:02] [Instance 3] Searching for party
[2025-11-07 21:17:02] [Instance 4] Instance [4] started
[2025-11-07 21:17:02] [Instance 4] Searching for party
[2025-11-07 21:17:02] [Instance 5] Instance [5] started
[2025-11-07 21:17:02] [Instance 5] Searching for party
[2025-11-07 21:17:02] [Instance 6] Instance [6] started
[2025-11-07 21:17:02] [Instance 6] Searching for party
[2025-11-07 21:17:02] [Instance 7] Instance [7] started
[2025-11-07 21:17:02] [Instance 7] Searching for party
[2025-11-07 21:17:02] [Instance 8] Instance [8] started
[2025-11-07 21:17:02] [Instance 8] Searching for party
[2025-11-07 21:17:02] [Instance 9] Instance [9] started
[2025-11-07 21:17:02] [Instance 9] Searching for party
[2025-11-07 21:17:02] [Instance 10] Instance [10] started
[2025-11-07 21:17:02] [Instance 10] Searching for party
[2025-11-07 21:17:02] [Instance 11] Instance [11] started
[2025-11-07 21:17:02] [Instance 11] Searching for party
[2025-11-07 21:17:03] [Instance 1] Party found! Starting run for 1 seconds: Party consists of 2_tank, 22_healer, 31_dps, 32_dps, 33_dps
[2025-11-07 21:17:03] [Instance 2] Party found! Starting run for 1 seconds: Party consists of 1_tank, 21_healer, 28_dps, 29_dps, 30_dps
[2025-11-07 21:17:03] [Instance 0] Party found! Starting run for 10 seconds: Party consists of 0_tank, 20_healer, 25_dps, 26_dps, 27_dps
[2025-11-07 21:17:03] [Instance 3] Party found! Starting run for 2 seconds: Party consists of 3_tank, 23_healer, 34_dps, 35_dps, 36_dps
[2025-11-07 21:17:03] [Instance 4] Party found! Starting run for 3 seconds: Party consists of 4_tank, 24_healer, 37_dps, 38_dps, 39_dps
[2025-11-07 21:17:04] [Instance 2] Party is done, placing players back into the pool
[2025-11-07 21:17:04] [Instance 1] Party is done, placing players back into the pool
[2025-11-07 21:17:04] [Instance 2] Searching for party
[2025-11-07 21:17:04] [Instance 1] Searching for party
[2025-11-07 21:17:04] [Instance 5] Searching for party
[2025-11-07 21:17:04] [Instance 8] Searching for party
[2025-11-07 21:17:04] [Instance 6] Searching for party
[2025-11-07 21:17:04] [Instance 7] Searching for party
[2025-11-07 21:17:04] [Instance 9] Searching for party
[2025-11-07 21:17:04] [Instance 10] Searching for party
[2025-11-07 21:17:04] [Instance 11] Searching for party
[2025-11-07 21:17:05] [Instance 1] Party found! Starting run for 1 seconds: Party consists of 1_tank, 21_healer, 28_dps, 29_dps, 30_dps
[2025-11-07 21:17:05] [Instance 2] Party found! Starting run for 10 seconds: Party consists of 2_tank, 22_healer, 31_dps, 32_dps, 33_dps
[2025-11-07 21:17:05] [Instance 3] Party is done, placing players back into the pool
[2025-11-07 21:17:05] [Instance 3] Searching for party
[2025-11-07 21:17:05] [Instance 5] Party found! Starting run for 4 seconds: Party consists of 3_tank, 23_healer, 34_dps, 35_dps, 36_dps
[2025-11-07 21:17:06] [Instance 1] Party is done, placing players back into the pool
[2025-11-07 21:17:06] [Instance 4] Party is done, placing players back into the pool
[2025-11-07 21:17:06] [Instance 1] Searching for party
[2025-11-07 21:17:06] [Instance 4] Searching for party
[2025-11-07 21:17:06] [Instance 8] Searching for party
[2025-11-07 21:17:06] [Instance 7] Searching for party
[2025-11-07 21:17:06] [Instance 6] Searching for party
[2025-11-07 21:17:06] [Instance 10] Searching for party
[2025-11-07 21:17:06] [Instance 11] Searching for party
[2025-11-07 21:17:06] [Instance 9] Searching for party
[2025-11-07 21:17:07] [Instance 3] Searching for party
[2025-11-07 21:17:07] [Instance 1] Party found! Starting run for 7 seconds: Party consists of 4_tank, 24_healer, 37_dps, 38_dps, 39_dps
[2025-11-07 21:17:07] [Instance 4] Party found! Starting run for 10 seconds: Party consists of 1_tank, 21_healer, 28_dps, 29_dps, 30_dps
[2025-11-07 21:17:08] [Instance 6] Searching for party
[2025-11-07 21:17:08] [Instance 8] Searching for party
[2025-11-07 21:17:08] [Instance 7] Searching for party
[2025-11-07 21:17:08] [Instance 10] Searching for party
[2025-11-07 21:17:08] [Instance 11] Searching for party
[2025-11-07 21:17:08] [Instance 9] Searching for party
[2025-11-07 21:17:09] [Instance 5] Party is done, placing players back into the pool
[2025-11-07 21:17:09] [Instance 5] Searching for party
[2025-11-07 21:17:09] [Instance 3] Searching for party
[2025-11-07 21:17:09] [Instance 8] Party found! Starting run for 5 seconds: Party consists of 3_tank, 23_healer, 34_dps, 35_dps, 36_dps
[2025-11-07 21:17:10] [Instance 6] Searching for party
[2025-11-07 21:17:10] [Instance 7] Searching for party
[2025-11-07 21:17:10] [Instance 9] Searching for party
[2025-11-07 21:17:10] [Instance 10] Searching for party
[2025-11-07 21:17:10] [Instance 11] Searching for party
[2025-11-07 21:17:11] [Instance 3] Searching for party
[2025-11-07 21:17:11] [Instance 5] Searching for party
[2025-11-07 21:17:12] [Instance 6] Searching for party
[2025-11-07 21:17:12] [Instance 7] Searching for party
[2025-11-07 21:17:12] [Instance 11] Searching for party
[2025-11-07 21:17:12] [Instance 10] Searching for party
[2025-11-07 21:17:12] [Instance 9] Searching for party
[2025-11-07 21:17:13] [Instance 0] Party is done, placing players back into the pool
[2025-11-07 21:17:13] [Instance 0] Searching for party
[2025-11-07 21:17:13] [Instance 3] Searching for party
[2025-11-07 21:17:13] [Instance 5] Searching for party
[2025-11-07 21:17:13] [Instance 7] Party found! Starting run for 5 seconds: Party consists of 0_tank, 20_healer, 25_dps, 26_dps, 27_dps
[2025-11-07 21:17:14] [Instance 1] Party is done, placing players back into the pool
[2025-11-07 21:17:14] [Instance 1] Searching for party
[2025-11-07 21:17:14] [Instance 8] Party is done, placing players back into the pool
[2025-11-07 21:17:14] [Instance 3] Party found! Starting run for 2 seconds: Party consists of 4_tank, 24_healer, 37_dps, 38_dps, 39_dps
[2025-11-07 21:17:14] [Instance 8] Searching for party
[2025-11-07 21:17:14] [Instance 6] Searching for party
[2025-11-07 21:17:14] [Instance 10] Searching for party
[2025-11-07 21:17:14] [Instance 11] Searching for party
[2025-11-07 21:17:14] [Instance 9] Searching for party
[2025-11-07 21:17:15] [Instance 0] Searching for party
[2025-11-07 21:17:15] [Instance 2] Party is done, placing players back into the pool
[2025-11-07 21:17:15] [Instance 2] Searching for party
[2025-11-07 21:17:15] [Instance 1] Party found! Starting run for 10 seconds: Party consists of 2_tank, 22_healer, 31_dps, 32_dps, 33_dps
[2025-11-07 21:17:15] [Instance 8] Party found! Starting run for 2 seconds: Party consists of 3_tank, 23_healer, 34_dps, 35_dps, 36_dps
[2025-11-07 21:17:15] [Instance 5] Searching for party
[2025-11-07 21:17:16] [Instance 3] Party is done, placing players back into the pool
[2025-11-07 21:17:16] [Instance 3] Searching for party
[2025-11-07 21:17:16] [Instance 6] Searching for party
[2025-11-07 21:17:16] [Instance 10] Searching for party
[2025-11-07 21:17:16] [Instance 9] Searching for party
[2025-11-07 21:17:16] [Instance 11] Searching for party
[2025-11-07 21:17:17] [Instance 2] Searching for party
[2025-11-07 21:17:17] [Instance 0] Searching for party
[2025-11-07 21:17:17] [Instance 4] Party is done, placing players back into the pool
[2025-11-07 21:17:17] [Instance 4] Searching for party
[2025-11-07 21:17:17] [Instance 8] Party is done, placing players back into the pool
[2025-11-07 21:17:17] [Instance 3] Party found! Starting run for 5 seconds: Party consists of 1_tank, 21_healer, 28_dps, 29_dps, 30_dps
[2025-11-07 21:17:17] [Instance 5] Searching for party
[2025-11-07 21:17:17] [Instance 8] Searching for party
[2025-11-07 21:17:17] [Instance 6] Party found! Starting run for 4 seconds: Party consists of 3_tank, 23_healer, 34_dps, 35_dps, 36_dps
[2025-11-07 21:17:17] [Instance 9] Party found! Starting run for 7 seconds: Party consists of 4_tank, 24_healer, 37_dps, 38_dps, 39_dps
[2025-11-07 21:17:18] [Instance 7] Party is done, placing players back into the pool
[2025-11-07 21:17:18] [Instance 7] Searching for party
[2025-11-07 21:17:18] [Instance 8] Party found! Starting run for 8 seconds: Party consists of 0_tank, 20_healer, 25_dps, 26_dps, 27_dps
[2025-11-07 21:17:18] [Instance 10] Searching for party
[2025-11-07 21:17:18] [Instance 11] Searching for party
[2025-11-07 21:17:19] [Instance 2] Searching for party
[2025-11-07 21:17:19] [Instance 0] Searching for party
[2025-11-07 21:17:19] [Instance 4] Searching for party
[2025-11-07 21:17:19] [Instance 5] Searching for party
[2025-11-07 21:17:20] [Instance 7] Searching for party
[2025-11-07 21:17:20] [Instance 10] Searching for party
[2025-11-07 21:17:20] [Instance 11] Searching for party
[2025-11-07 21:17:21] [Instance 2] Searching for party
[2025-11-07 21:17:21] [Instance 4] Searching for party
[2025-11-07 21:17:21] [Instance 0] Searching for party
[2025-11-07 21:17:21] [Instance 5] Searching for party
[2025-11-07 21:17:21] [Instance 6] Party is done, placing players back into the pool
[2025-11-07 21:17:21] [Instance 6] Searching for party
[2025-11-07 21:17:21] [Instance 10] Party found! Starting run for 7 seconds: Party consists of 3_tank, 23_healer, 34_dps, 35_dps, 36_dps
[2025-11-07 21:17:22] [Instance 3] Party is done, placing players back into the pool
[2025-11-07 21:17:22] [Instance 3] Searching for party
[2025-11-07 21:17:22] [Instance 7] Searching for party
[2025-11-07 21:17:22] [Instance 6] Party found! Starting run for 1 seconds: Party consists of 1_tank, 21_healer, 28_dps, 29_dps, 30_dps
[2025-11-07 21:17:22] [Instance 11] Searching for party
[2025-11-07 21:17:23] [Instance 2] Searching for party
[2025-11-07 21:17:23] [Instance 4] Searching for party
[2025-11-07 21:17:23] [Instance 0] Searching for party
[2025-11-07 21:17:23] [Instance 7] Party found! Starting run for 3 seconds: Party consists of 1_tank, 21_healer, 28_dps, 29_dps, 30_dps
[2025-11-07 21:17:23] [Instance 5] Searching for party
[2025-11-07 21:17:23] [Instance 6] Party is done, placing players back into the pool
[2025-11-07 21:17:23] [Instance 6] Searching for party
[2025-11-07 21:17:24] [Instance 3] Searching for party
[2025-11-07 21:17:24] [Instance 9] Party is done, placing players back into the pool
[2025-11-07 21:17:24] [Instance 9] Searching for party
[2025-11-07 21:17:24] [Instance 11] Searching for party
[2025-11-07 21:17:25] [Instance 1] Party is done, placing players back into the pool
[2025-11-07 21:17:25] [Instance 1] Searching for party
[2025-11-07 21:17:25] [Instance 2] Searching for party
[2025-11-07 21:17:25] [Instance 4] Searching for party
[2025-11-07 21:17:25] [Instance 0] Searching for party
[2025-11-07 21:17:25] [Instance 3] Party found! Starting run for 3 seconds: Party consists of 2_tank, 22_healer, 31_dps, 32_dps, 33_dps
[2025-11-07 21:17:25] [Instance 6] Searching for party
[2025-11-07 21:17:25] [Instance 5] Searching for party
[2025-11-07 21:17:25] [Instance 9] Party found! Starting run for 2 seconds: Party consists of 4_tank, 24_healer, 37_dps, 38_dps, 39_dps
[2025-11-07 21:17:26] [Instance 8] Party is done, placing players back into the pool
[2025-11-07 21:17:26] [Instance 8] Searching for party
[2025-11-07 21:17:26] [Instance 7] Party is done, placing players back into the pool
[2025-11-07 21:17:26] [Instance 7] Searching for party
[2025-11-07 21:17:26] [Instance 6] Party found! Starting run for 9 seconds: Party consists of 0_tank, 20_healer, 25_dps, 26_dps, 27_dps
[2025-11-07 21:17:26] [Instance 5] Party found! Starting run for 3 seconds: Party consists of 1_tank, 21_healer, 28_dps, 29_dps, 30_dps
[2025-11-07 21:17:26] [Instance 11] Searching for party
[2025-11-07 21:17:27] [Instance 1] Searching for party
[2025-11-07 21:17:27] [Instance 0] Searching for party
[2025-11-07 21:17:27] [Instance 2] Searching for party
[2025-11-07 21:17:27] [Instance 4] Searching for party
[2025-11-07 21:17:27] [Instance 9] Party is done, placing players back into the pool
[2025-11-07 21:17:27] [Instance 9] Searching for party
[2025-11-07 21:17:27] [Instance 11] Party found! Starting run for 8 seconds: Party consists of 4_tank, 24_healer, 37_dps, 38_dps, 39_dps
[2025-11-07 21:17:28] [Instance 3] Party is done, placing players back into the pool
[2025-11-07 21:17:28] [Instance 3] Searching for party
[2025-11-07 21:17:28] [Instance 8] Searching for party
[2025-11-07 21:17:28] [Instance 9] Party found! Starting run for 1 seconds: Party consists of 2_tank, 22_healer, 31_dps, 32_dps, 33_dps
[2025-11-07 21:17:28] [Instance 7] Searching for party
[2025-11-07 21:17:28] [Instance 10] Party is done, placing players back into the pool
[2025-11-07 21:17:28] [Instance 10] Searching for party
[2025-11-07 21:17:29] [Instance 1] Searching for party
[2025-11-07 21:17:29] [Instance 4] Searching for party
[2025-11-07 21:17:29] [Instance 0] Searching for party
[2025-11-07 21:17:29] [Instance 2] Searching for party
[2025-11-07 21:17:29] [Instance 3] Party found! Starting run for 2 seconds: Party consists of 3_tank, 23_healer, 34_dps, 35_dps, 36_dps
[2025-11-07 21:17:29] [Instance 5] Party is done, placing players back into the pool
[2025-11-07 21:17:29] [Instance 5] Searching for party
[2025-11-07 21:17:29] [Instance 7] Party found! Starting run for 2 seconds: Party consists of 1_tank, 21_healer, 28_dps, 29_dps, 30_dps
[2025-11-07 21:17:29] [Instance 9] Party is done, placing players back into the pool
[2025-11-07 21:17:29] [Instance 9] Searching for party
[2025-11-07 21:17:30] [Instance 1] Party found! Starting run for 2 seconds: Party consists of 2_tank, 22_healer, 31_dps, 32_dps, 33_dps
[2025-11-07 21:17:30] [Instance 8] Searching for party
[2025-11-07 21:17:30] [Instance 10] Searching for party
[2025-11-07 21:17:31] [Instance 0] Searching for party
[2025-11-07 21:17:31] [Instance 4] Searching for party
[2025-11-07 21:17:31] [Instance 2] Searching for party
[2025-11-07 21:17:31] [Instance 3] Party is done, placing players back into the pool
[2025-11-07 21:17:31] [Instance 3] Searching for party
[2025-11-07 21:17:31] [Instance 8] Party found! Starting run for 10 seconds: Party consists of 3_tank, 23_healer, 34_dps, 35_dps, 36_dps
[2025-11-07 21:17:31] [Instance 5] Searching for party
[2025-11-07 21:17:31] [Instance 7] Party is done, placing players back into the pool
[2025-11-07 21:17:31] [Instance 7] Searching for party
[2025-11-07 21:17:31] [Instance 9] Searching for party
[2025-11-07 21:17:31] [Instance 10] Party found! Starting run for 3 seconds: Party consists of 1_tank, 21_healer, 28_dps, 29_dps, 30_dps
[2025-11-07 21:17:32] [Instance 1] Party is done, placing players back into the pool
[2025-11-07 21:17:32] [Instance 1] Searching for party
[2025-11-07 21:17:32] [Instance 4] Party found! Starting run for 1 seconds: Party consists of 2_tank, 22_healer, 31_dps, 32_dps, 33_dps
[2025-11-07 21:17:33] [Instance 0] Searching for party
[2025-11-07 21:17:33] [Instance 4] Party is done, placing players back into the pool
[2025-11-07 21:17:33] [Instance 2] Searching for party
[2025-11-07 21:17:33] [Instance 4] Searching for party
[2025-11-07 21:17:33] [Instance 3] Searching for party
[2025-11-07 21:17:33] [Instance 5] Searching for party
[2025-11-07 21:17:33] [Instance 7] Searching for party
[2025-11-07 21:17:33] [Instance 9] Searching for party
[2025-11-07 21:17:34] [Instance 1] Searching for party
[2025-11-07 21:17:34] [Instance 0] Party found! Starting run for 9 seconds: Party consists of 2_tank, 22_healer, 31_dps, 32_dps, 33_dps
[2025-11-07 21:17:34] [Instance 10] Party is done, placing players back into the pool
[2025-11-07 21:17:34] [Instance 10] Searching for party
[2025-11-07 21:17:34] [Instance 7] Party found! Starting run for 1 seconds: Party consists of 1_tank, 21_healer, 28_dps, 29_dps, 30_dps
[2025-11-07 21:17:35] [Instance 2] Searching for party
[2025-11-07 21:17:35] [Instance 4] Searching for party
[2025-11-07 21:17:35] [Instance 3] Searching for party
[2025-11-07 21:17:35] [Instance 6] Party is done, placing players back into the pool
[2025-11-07 21:17:35] [Instance 6] Searching for party
[2025-11-07 21:17:35] [Instance 5] Searching for party
[2025-11-07 21:17:35] [Instance 10] Party found! Starting run for 6 seconds: Party consists of 0_tank, 20_healer, 25_dps, 26_dps, 27_dps
[2025-11-07 21:17:35] [Instance 7] Party is done, placing players back into the pool
[2025-11-07 21:17:35] [Instance 11] Party is done, placing players back into the pool
[2025-11-07 21:17:35] [Instance 7] Searching for party
[2025-11-07 21:17:35] [Instance 11] Searching for party
[2025-11-07 21:17:35] [Instance 9] Searching for party
[2025-11-07 21:17:36] [Instance 1] Searching for party
[2025-11-07 21:17:36] [Instance 6] Party found! Starting run for 5 seconds: Party consists of 1_tank, 21_healer, 28_dps, 29_dps, 30_dps
[2025-11-07 21:17:36] [Instance 3] Party found! Starting run for 3 seconds: Party consists of 4_tank, 24_healer, 37_dps, 38_dps, 39_dps
[2025-11-07 21:17:37] [Instance 2] Searching for party
[2025-11-07 21:17:37] [Instance 4] Searching for party
[2025-11-07 21:17:37] [Instance 5] Searching for party
[2025-11-07 21:17:37] [Instance 7] Searching for party
[2025-11-07 21:17:37] [Instance 11] Searching for party
[2025-11-07 21:17:37] [Instance 9] Searching for party
[2025-11-07 21:17:38] [Instance 1] Searching for party
[2025-11-07 21:17:39] [Instance 3] Party is done, placing players back into the pool
[2025-11-07 21:17:39] [Instance 2] Searching for party
[2025-11-07 21:17:39] [Instance 4] Searching for party
[2025-11-07 21:17:39] [Instance 3] Searching for party
[2025-11-07 21:17:39] [Instance 5] Searching for party
[2025-11-07 21:17:39] [Instance 11] Searching for party
[2025-11-07 21:17:39] [Instance 7] Searching for party
[2025-11-07 21:17:39] [Instance 9] Searching for party
[2025-11-07 21:17:40] [Instance 1] Searching for party
[2025-11-07 21:17:40] [Instance 4] Party found! Starting run for 2 seconds: Party consists of 4_tank, 24_healer, 37_dps, 38_dps, 39_dps
[2025-11-07 21:17:41] [Instance 8] Party is done, placing players back into the pool
[2025-11-07 21:17:41] [Instance 8] Searching for party
[2025-11-07 21:17:41] [Instance 1] Party found! Starting run for 3 seconds: Party consists of 3_tank, 23_healer, 34_dps, 35_dps, 36_dps
[2025-11-07 21:17:41] [Instance 6] Party is done, placing players back into the pool
[2025-11-07 21:17:41] [Instance 6] Searching for party
[2025-11-07 21:17:41] [Instance 3] Searching for party
[2025-11-07 21:17:41] [Instance 2] Searching for party
[2025-11-07 21:17:41] [Instance 10] Party is done, placing players back into the pool
[2025-11-07 21:17:41] [Instance 10] Searching for party
[2025-11-07 21:17:41] [Instance 5] Searching for party
[2025-11-07 21:17:41] [Instance 9] Searching for party
[2025-11-07 21:17:41] [Instance 11] Searching for party
[2025-11-07 21:17:41] [Instance 7] Searching for party
[2025-11-07 21:17:42] [Instance 8] Party found! Starting run for 8 seconds: Party consists of 0_tank, 20_healer, 25_dps, 26_dps, 27_dps
[2025-11-07 21:17:42] [Instance 6] Party found! Starting run for 7 seconds: Party consists of 1_tank, 21_healer, 28_dps, 29_dps, 30_dps
[2025-11-07 21:17:42] [Instance 3] Party found! Starting run for 10 seconds: Party consists of 4_tank, 24_healer, 37_dps, 38_dps, 39_dps
[2025-11-07 21:17:42] [Instance 4] Party is done, placing players back into the pool
[2025-11-07 21:17:42] [Instance 4] Searching for party
[2025-11-07 21:17:43] [Instance 0] Party is done, placing players back into the pool
[2025-11-07 21:17:43] [Instance 0] Instance [0] stopping
[2025-11-07 21:17:43] [Instance 0] Total parties accepted into dungeon: 2
[2025-11-07 21:17:43] [Instance 0] Total active time: 19
[2025-11-07 21:17:43] [Instance 4] Party found! Starting run for 7 seconds: Party consists of 2_tank, 22_healer, 31_dps, 32_dps, 33_dps
[2025-11-07 21:17:43] [Instance 2] Instance [2] stopping
[2025-11-07 21:17:43] [Instance 2] Total parties accepted into dungeon: 2
[2025-11-07 21:17:43] [Instance 2] Total active time: 11
[2025-11-07 21:17:43] [Instance 10] Instance [10] stopping
[2025-11-07 21:17:43] [Instance 10] Total parties accepted into dungeon: 3
[2025-11-07 21:17:43] [Instance 10] Total active time: 16
[2025-11-07 21:17:43] [Instance 5] Instance [5] stopping
[2025-11-07 21:17:43] [Instance 5] Total parties accepted into dungeon: 2
[2025-11-07 21:17:43] [Instance 5] Total active time: 7
[2025-11-07 21:17:43] [Instance 9] Instance [9] stopping
[2025-11-07 21:17:43] [Instance 11] Instance [11] stopping
[2025-11-07 21:17:43] [Instance 9] Total parties accepted into dungeon: 3
[2025-11-07 21:17:43] [Instance 7] Instance [7] stopping
[2025-11-07 21:17:43] [Instance 11] Total parties accepted into dungeon: 1
[2025-11-07 21:17:43] [Instance 9] Total active time: 10
[2025-11-07 21:17:43] [Instance 7] Total parties accepted into dungeon: 4
[2025-11-07 21:17:43] [Instance 11] Total active time: 8
[2025-11-07 21:17:43] [Instance 7] Total active time: 11
[2025-11-07 21:17:44] [Instance 1] Party is done, placing players back into the pool
[2025-11-07 21:17:44] [Instance 1] Instance [1] stopping
[2025-11-07 21:17:44] [Instance 1] Total parties accepted into dungeon: 6
[2025-11-07 21:17:44] [Instance 1] Total active time: 24
[2025-11-07 21:17:49] [Instance 6] Party is done, placing players back into the pool
[2025-11-07 21:17:49] [Instance 6] Instance [6] stopping
[2025-11-07 21:17:49] [Instance 6] Total parties accepted into dungeon: 5
[2025-11-07 21:17:49] [Instance 6] Total active time: 26
[2025-11-07 21:17:50] [Instance 8] Party is done, placing players back into the pool
[2025-11-07 21:17:50] [Instance 8] Instance [8] stopping
[2025-11-07 21:17:50] [Instance 8] Total parties accepted into dungeon: 5
[2025-11-07 21:17:50] [Instance 8] Total active time: 33
[2025-11-07 21:17:50] [Instance 4] Party is done, placing players back into the pool
[2025-11-07 21:17:50] [Instance 4] Instance [4] stopping
[2025-11-07 21:17:50] [Instance 4] Total parties accepted into dungeon: 5
[2025-11-07 21:17:50] [Instance 4] Total active time: 23
[2025-11-07 21:17:52] [Instance 3] Party is done, placing players back into the pool
[2025-11-07 21:17:52] [Instance 3] Instance [3] stopping
[2025-11-07 21:17:52] [Instance 3] Total parties accepted into dungeon: 7
[2025-11-07 21:17:52] [Instance 3] Total active time: 27
